<?xml version="1.0" encoding="UTF-8"?>
<!-- Generated by org.testng.reporters.JUnitReportReporter -->
<testsuite hostname="LAPTOP-N6CPISCH" failures="0" tests="2" name="NitikaGupta.Mavenjava.RESTAPITest" time="0.009" errors="0" timestamp="23 Jun 2020 12:12:23 GMT">
  <testcase classname="NitikaGupta.Mavenjava.RESTAPITest" name="deleteTwitter" time="0.004"/>
  <testcase classname="NitikaGupta.Mavenjava.RESTAPITest" name="postJira" time="0.005"/>
</testsuite> <!-- NitikaGupta.Mavenjava.RESTAPITest -->
