<?xml version="1.0" encoding="UTF-8"?>
<!-- Generated by org.testng.reporters.JUnitReportReporter -->
<testsuite hostname="LAPTOP-N6CPISCH" failures="0" tests="2" name="NitikaGupta.Mavenjava.SeleniumTest" time="0.018" errors="0" timestamp="23 Jun 2020 12:12:49 GMT">
  <testcase classname="NitikaGupta.Mavenjava.SeleniumTest" name="elementsUi" time="0.002"/>
  <testcase classname="NitikaGupta.Mavenjava.SeleniumTest" name="BrowserAutomation" time="0.016"/>
</testsuite> <!-- NitikaGupta.Mavenjava.SeleniumTest -->
